c:\users\victo\source\repos\padaria bakery\padaria bakery\debug\vc142.pdb
c:\users\victo\source\repos\padaria bakery\padaria bakery\debug\vc142.idb
c:\users\victo\source\repos\padaria bakery\padaria bakery\debug\product.obj
c:\users\victo\source\repos\padaria bakery\padaria bakery\debug\employee.obj
c:\users\victo\source\repos\padaria bakery\padaria bakery\debug\padaria bakery.obj
c:\users\victo\source\repos\padaria bakery\padaria bakery\debug\menu.obj
c:\users\victo\source\repos\padaria bakery\padaria bakery\debug\client.obj
c:\users\victo\source\repos\padaria bakery\padaria bakery\debug\bakery.obj
c:\users\victo\source\repos\padaria bakery\padaria bakery\debug\order.obj
c:\users\victo\source\repos\padaria bakery\padaria bakery\debug\date.obj
c:\users\victo\source\repos\padaria bakery\debug\padaria bakery.pdb
c:\users\victo\source\repos\padaria bakery\padaria bakery\debug\padaria bakery.tlog\cl.command.1.tlog
c:\users\victo\source\repos\padaria bakery\padaria bakery\debug\padaria bakery.tlog\cl.read.1.tlog
c:\users\victo\source\repos\padaria bakery\padaria bakery\debug\padaria bakery.tlog\cl.write.1.tlog
c:\users\victo\source\repos\padaria bakery\padaria bakery\debug\padaria bakery.tlog\link-cvtres.read.1.tlog
c:\users\victo\source\repos\padaria bakery\padaria bakery\debug\padaria bakery.tlog\link-cvtres.write.1.tlog
c:\users\victo\source\repos\padaria bakery\padaria bakery\debug\padaria bakery.tlog\link-rc.read.1.tlog
c:\users\victo\source\repos\padaria bakery\padaria bakery\debug\padaria bakery.tlog\link-rc.write.1.tlog
c:\users\victo\source\repos\padaria bakery\padaria bakery\debug\padaria bakery.tlog\link.32536-cvtres.read.1.tlog
c:\users\victo\source\repos\padaria bakery\padaria bakery\debug\padaria bakery.tlog\link.32536-cvtres.write.1.tlog
c:\users\victo\source\repos\padaria bakery\padaria bakery\debug\padaria bakery.tlog\link.32536-rc.read.1.tlog
c:\users\victo\source\repos\padaria bakery\padaria bakery\debug\padaria bakery.tlog\link.32536-rc.write.1.tlog
c:\users\victo\source\repos\padaria bakery\padaria bakery\debug\padaria bakery.tlog\link.32536.read.1.tlog
c:\users\victo\source\repos\padaria bakery\padaria bakery\debug\padaria bakery.tlog\link.32536.write.1.tlog
c:\users\victo\source\repos\padaria bakery\padaria bakery\debug\padaria bakery.tlog\link.command.1.tlog
c:\users\victo\source\repos\padaria bakery\padaria bakery\debug\padaria bakery.tlog\link.read.1.tlog
c:\users\victo\source\repos\padaria bakery\padaria bakery\debug\padaria bakery.tlog\link.write.1.tlog
